0 info it worked if it ends with ok
1 verbose cli [ 'C:\\Program Files\\nodejs\\node.exe',
1 verbose cli   'C:\\Program Files\\nodejs\\node_modules\\npm\\bin\\npm-cli.js',
1 verbose cli   'run',
1 verbose cli   'dev' ]
2 info using npm@3.3.6
3 info using node@v5.0.0
4 verbose run-script [ 'predev', 'dev', 'postdev' ]
5 info lifecycle notelyserver@1.0.0~predev: notelyserver@1.0.0
6 silly lifecycle notelyserver@1.0.0~predev: no script for predev, continuing
7 info lifecycle notelyserver@1.0.0~dev: notelyserver@1.0.0
8 verbose lifecycle notelyserver@1.0.0~dev: unsafe-perm in lifecycle true
9 verbose lifecycle notelyserver@1.0.0~dev: PATH: C:\Program Files\nodejs\node_modules\npm\bin\node-gyp-bin;C:\DEV\1150\AngularJS\Notely\server\node_modules\.bin;C:\Users\averteramo\bin;C:\Program Files\Git\mingw64\bin;C:\Program Files\Git\usr\local\bin;C:\Program Files\Git\usr\bin;C:\Program Files\Git\usr\bin;C:\Program Files\Git\mingw64\bin;C:\Program Files\Git\usr\bin;C:\Users\averteramo\bin;C:\ProgramData\Oracle\Java\javapath;C:\Program Files (x86)\Intel\iCLS Client;C:\Program Files\Intel\iCLS Client;C:\Windows\system32;C:\Windows;C:\Windows\System32\Wbem;C:\Windows\System32\WindowsPowerShell\v1.0;C:\Program Files\Intel\Intel(R) Management Engine Components\DAL;C:\Program Files\Intel\Intel(R) Management Engine Components\IPT;C:\Program Files (x86)\Intel\Intel(R) Management Engine Components\DAL;C:\Program Files (x86)\Intel\Intel(R) Management Engine Components\IPT;C:\Program Files\Microsoft\Web Platform Installer;C:\Program Files (x86)\Microsoft ASP.NET\ASP.NET Web Pages\v1.0;C:\Program Files\Microsoft SQL Server\110\Tools\Binn;C:\Program Files\Microsoft SQL Server\110\DTS\Binn;C:\Program Files (x86)\Microsoft SQL Server\110\Tools\Binn;C:\Program Files (x86)\Microsoft SQL Server\110\Tools\Binn\ManagementStudio;C:\Program Files (x86)\Microsoft Visual Studio 10.0\Common7\IDE\PrivateAssemblies;C:\Program Files (x86)\Microsoft SQL Server\110\DTS\Binn;C:\Program Files\Microsoft SQL Server\120\Tools\Binn;C:\Program Files (x86)\Windows Kits\8.1\Windows Performance Toolkit;C:\Program Files (x86)\Microsoft SDKs\TypeScript\1.0;C:\Program Files\Git\cmd;C:\Program Files\nodejs;C:\Windows\system32\config\systemprofile\.dnx\bin;C:\Program Files\Microsoft DNX\Dnvm;C:\Users\averteramo\AppData\Roaming\npm;C:\Users\averteramo\AppData\Local\atom\bin;C:\Program Files\Git\usr\bin\vendor_perl;C:\Program Files\Git\usr\bin\core_perl
10 verbose lifecycle notelyserver@1.0.0~dev: CWD: C:\DEV\1150\AngularJS\Notely\server
11 silly lifecycle notelyserver@1.0.0~dev: Args: [ '/d /s /c', 'supervisor app.js' ]
12 silly lifecycle notelyserver@1.0.0~dev: Returned: code: 1  signal: null
13 info lifecycle notelyserver@1.0.0~dev: Failed to exec dev script
14 verbose stack Error: notelyserver@1.0.0 dev: `supervisor app.js`
14 verbose stack Exit status 1
14 verbose stack     at EventEmitter.<anonymous> (C:\Program Files\nodejs\node_modules\npm\lib\utils\lifecycle.js:233:16)
14 verbose stack     at emitTwo (events.js:87:13)
14 verbose stack     at EventEmitter.emit (events.js:172:7)
14 verbose stack     at ChildProcess.<anonymous> (C:\Program Files\nodejs\node_modules\npm\lib\utils\spawn.js:24:14)
14 verbose stack     at emitTwo (events.js:87:13)
14 verbose stack     at ChildProcess.emit (events.js:172:7)
14 verbose stack     at maybeClose (internal/child_process.js:818:16)
14 verbose stack     at Process.ChildProcess._handle.onexit (internal/child_process.js:211:5)
15 verbose pkgid notelyserver@1.0.0
16 verbose cwd C:\DEV\1150\AngularJS\Notely\server
17 error Windows_NT 6.3.9600
18 error argv "C:\\Program Files\\nodejs\\node.exe" "C:\\Program Files\\nodejs\\node_modules\\npm\\bin\\npm-cli.js" "run" "dev"
19 error node v5.0.0
20 error npm  v3.3.6
21 error code ELIFECYCLE
22 error notelyserver@1.0.0 dev: `supervisor app.js`
22 error Exit status 1
23 error Failed at the notelyserver@1.0.0 dev script 'supervisor app.js'.
23 error This is most likely a problem with the notelyserver package,
23 error not with npm itself.
23 error Tell the author that this fails on your system:
23 error     supervisor app.js
23 error You can get their info via:
23 error     npm owner ls notelyserver
23 error There is likely additional logging output above.
24 verbose exit [ 1, true ]
